<?xml version="1.0" encoding="UTF-8"?>
<!-- Generated by org.testng.reporters.JUnitXMLReporter -->
<testsuite hostname="DESKTOP-DKKHSAV" ignored="0" name="Dependence Test" tests="4" failures="1" timestamp="09 Jun 2021 06:08:40 GMT" time="13.242" errors="0">
  <testcase name="method" time="0.017" classname="selenium.TestNG.Examples.DependenciesExample">
    <failure type="java.lang.AssertionError" message="expected [false] but found [true]">
      <![CDATA[java.lang.AssertionError: expected [false] but found [true]
at selenium.TestNG.Examples.DependenciesExample.method(DependenciesExample.java:111)
... Removed 31 stack frames]]>
    </failure>
  </testcase> <!-- method -->
  <testcase name="demo" time="0.0" classname="selenium.TestNG.Examples.DependenciesExample">
    <skipped/>
  </testcase> <!-- demo -->
  <testcase name="validatestitles" time="5.77" classname="selenium.TestNG.Examples.DependenciesExample"/>
  <testcase name="method1" time="0.0" classname="selenium.TestNG.Examples.DependenciesExample">
    <skipped/>
  </testcase> <!-- method1 -->
</testsuite> <!-- Dependence Test -->
