<?xml version="1.0" encoding="UTF-8"?>
<!-- Generated by org.testng.reporters.JUnitXMLReporter -->
<testsuite hostname="DESKTOP-DKKHSAV" ignored="0" name="failure Test" tests="2" failures="1" timestamp="09 Jun 2021 12:14:01 GMT" time="14.018" errors="0">
  <testcase name="dologin" time="0.001" classname="selenium.TestNG.Examples.testFailure">
    <failure type="java.lang.AssertionError" message="Failing the login teste">
      <![CDATA[java.lang.AssertionError: Failing the login teste
at selenium.TestNG.Examples.testFailure.dologin(testFailure.java:22)
... Removed 26 stack frames]]>
    </failure>
  </testcase> <!-- dologin -->
  <testcase name="method" time="14.014" classname="selenium.TestNG.Examples.testFailure"/>
</testsuite> <!-- failure Test -->
