<?xml version="1.0" encoding="UTF-8"?>
<!-- Generated by org.testng.reporters.JUnitXMLReporter -->
<testsuite hostname="DESKTOP-DKKHSAV" ignored="0" name="Skipping Test" tests="5" failures="1" timestamp="09 Jun 2021 12:13:47 GMT" time="24.152" errors="0">
  <testcase name="first" time="0.004" classname="selenium.TestNG.Examples.skipTestExample">
    <failure type="java.lang.AssertionError" message="expected [false] but found [true]">
      <![CDATA[java.lang.AssertionError: expected [false] but found [true]
at selenium.TestNG.Examples.skipTestExample.first(skipTestExample.java:47)
... Removed 31 stack frames]]>
    </failure>
  </testcase> <!-- first -->
  <testcase name="third" time="0.003" classname="selenium.TestNG.Examples.skipTestExample">
    <skipped/>
  </testcase> <!-- third -->
  <testcase name="validatestitles" time="10.429" classname="selenium.TestNG.Examples.skipTestExample"/>
  <testcase name="second" time="0.002" classname="selenium.TestNG.Examples.skipTestExample"/>
  <testcase name="five" time="0.008" classname="selenium.TestNG.Examples.skipTestExample">
    <skipped/>
  </testcase> <!-- five -->
</testsuite> <!-- Skipping Test -->
