<html>
<head>
<title>TestNG:  Skipping Test</title>
<link href="../testng.css" rel="stylesheet" type="text/css" />
<link href="../my-testng.css" rel="stylesheet" type="text/css" />

<style type="text/css">
.log { display: none;} 
.stack-trace { display: none;} 
</style>
<script type="text/javascript">
<!--
function flip(e) {
  current = e.style.display;
  if (current == 'block') {
    e.style.display = 'none';
    return 0;
  }
  else {
    e.style.display = 'block';
    return 1;
  }
}

function toggleBox(szDivId, elem, msg1, msg2)
{
  var res = -1;  if (document.getElementById) {
    res = flip(document.getElementById(szDivId));
  }
  else if (document.all) {
    // this is the way old msie versions work
    res = flip(document.all[szDivId]);
  }
  if(elem) {
    if(res == 0) elem.innerHTML = msg1; else elem.innerHTML = msg2;
  }

}

function toggleAllBoxes() {
  if (document.getElementsByTagName) {
    d = document.getElementsByTagName('div');
    for (i = 0; i < d.length; i++) {
      if (d[i].className == 'log') {
        flip(d[i]);
      }
    }
  }
}

// -->
</script>

</head>
<body>
<h2 align='center'>Skipping Test</h2><table border='1' align="center">
<tr>
<td>Tests passed/Failed/Skipped:</td><td>2/1/2</td>
</tr><tr>
<td>Started on:</td><td>Wed Jun 09 17:43:23 IST 2021</td>
</tr>
<tr><td>Total time:</td><td>24 seconds (24152 ms)</td>
</tr><tr>
<td>Included groups:</td><td></td>
</tr><tr>
<td>Excluded groups:</td><td></td>
</tr>
</table><p/>
<small><i>(Hover the method name to see the test class name)</i></small><p/>
<table width='100%' border='1' class='invocation-failed'>
<tr><td colspan='4' align='center'><b>FAILED TESTS</b></td></tr>
<tr><td><b>Test method</b></td>
<td width="30%"><b>Exception</b></td>
<td width="10%"><b>Time (seconds)</b></td>
<td><b>Instance</b></td>
</tr>
<tr>
<td title='selenium.TestNG.Examples.skipTestExample.first()'><b>first</b><br>Test class: selenium.TestNG.Examples.skipTestExample<br/>
<a href="#Output-1769252629" onClick='toggleBox("Output-1769252629", this, "Show output", "Hide output");'>Show output</a>

<a href="#Output-1769252629" onClick="toggleAllBoxes();">Show all outputs</a>
<div class='log' id="Output-1769252629">
<a href = "E:\screenshot\error.jpg" target="_blank">Screenshot link</a><br/>
<br><br/>
<a href = "E:\screenshot\error.jpg" target="_blank">img height=200 width=200 src="E:\screenshot\error.jpg"</a><br/>
<a href = "E:\screenshot\error.jpg" target="_blank">Screenshot link</a><br/>
<br><br/>
<a href = "E:\screenshot\error.jpg" target="_blank">img height=200 width=200 src="E:\screenshot\error.jpg"</a><br/>
</div>
</td>
<td><div><pre>java.lang.AssertionError: expected [false] but found [true]
	at selenium.TestNG.Examples.skipTestExample.first(skipTestExample.java:47)
... Removed 31 stack frames</pre></div><a href='#' onClick='toggleBox("stack-trace1769252629", this, "Click to show all stack frames", "Click to hide stack frames")'>Click to show all stack frames</a>
<div class='stack-trace' id='stack-trace1769252629'><pre>java.lang.AssertionError: expected [false] but found [true]
	at org.testng.Assert.fail(Assert.java:96)
	at org.testng.Assert.failNotEquals(Assert.java:776)
	at org.testng.Assert.assertEqualsImpl(Assert.java:137)
	at org.testng.Assert.assertEquals(Assert.java:118)
	at org.testng.Assert.assertEquals(Assert.java:568)
	at org.testng.Assert.assertEquals(Assert.java:578)
	at selenium.TestNG.Examples.skipTestExample.first(skipTestExample.java:47)
	at sun.reflect.NativeMethodAccessorImpl.invoke0(Native Method)
	at sun.reflect.NativeMethodAccessorImpl.invoke(Unknown Source)
	at sun.reflect.DelegatingMethodAccessorImpl.invoke(Unknown Source)
	at java.lang.reflect.Method.invoke(Unknown Source)
	at org.testng.internal.MethodInvocationHelper.invokeMethod(MethodInvocationHelper.java:124)
	at org.testng.internal.Invoker.invokeMethod(Invoker.java:583)
	at org.testng.internal.Invoker.invokeTestMethod(Invoker.java:719)
	at org.testng.internal.Invoker.invokeTestMethods(Invoker.java:989)
	at org.testng.internal.TestMethodWorker.invokeTestMethods(TestMethodWorker.java:125)
	at org.testng.internal.TestMethodWorker.run(TestMethodWorker.java:109)
	at org.testng.TestRunner.privateRun(TestRunner.java:648)
	at org.testng.TestRunner.run(TestRunner.java:505)
	at org.testng.SuiteRunner.runTest(SuiteRunner.java:455)
	at org.testng.SuiteRunner.runSequentially(SuiteRunner.java:450)
	at org.testng.SuiteRunner.privateRun(SuiteRunner.java:415)
	at org.testng.SuiteRunner.run(SuiteRunner.java:364)
	at org.testng.SuiteRunnerWorker.runSuite(SuiteRunnerWorker.java:52)
	at org.testng.SuiteRunnerWorker.run(SuiteRunnerWorker.java:84)
	at org.testng.TestNG.runSuitesSequentially(TestNG.java:1208)
	at org.testng.TestNG.runSuitesLocally(TestNG.java:1137)
	at org.testng.TestNG.runSuites(TestNG.java:1049)
	at org.testng.TestNG.run(TestNG.java:1017)
	at org.testng.remote.AbstractRemoteTestNG.run(AbstractRemoteTestNG.java:115)
	at org.testng.remote.RemoteTestNG.initAndRun(RemoteTestNG.java:251)
	at org.testng.remote.RemoteTestNG.main(RemoteTestNG.java:77)
</pre></div></td>
<td>0</td>
<td>selenium.TestNG.Examples.skipTestExample@74ad1f1f</td></tr>
</table><p>
<table width='100%' border='1' class='invocation-passed'>
<tr><td colspan='4' align='center'><b>PASSED TESTS</b></td></tr>
<tr><td><b>Test method</b></td>
<td width="30%"><b>Exception</b></td>
<td width="10%"><b>Time (seconds)</b></td>
<td><b>Instance</b></td>
</tr>
<tr>
<td title='selenium.TestNG.Examples.skipTestExample.second()'><b>second</b><br>Test class: selenium.TestNG.Examples.skipTestExample<br/>
<a href="#Output-738111983" onClick='toggleBox("Output-738111983", this, "Show output", "Hide output");'>Show output</a>

<a href="#Output-738111983" onClick="toggleAllBoxes();">Show all outputs</a>
<div class='log' id="Output-738111983">
<a href = "E:\screenshot\error.jpg" target="_blank">Screenshot link</a><br/>
<br><br/>
<a href = "E:\screenshot\error.jpg" target="_blank">img height=200 width=200 src="E:\screenshot\error.jpg"</a><br/>
<a href = "E:\screenshot\error.jpg" target="_blank">Screenshot link</a><br/>
<br><br/>
<a href = "E:\screenshot\error.jpg" target="_blank">img height=200 width=200 src="E:\screenshot\error.jpg"</a><br/>
</div>
</td>
<td></td>
<td>0</td>
<td>selenium.TestNG.Examples.skipTestExample@74ad1f1f</td></tr>
<tr>
<td title='selenium.TestNG.Examples.skipTestExample.validatestitles()'><b>validatestitles</b><br>Test class: selenium.TestNG.Examples.skipTestExample<br/>
<a href="#Output-2112135199" onClick='toggleBox("Output-2112135199", this, "Show output", "Hide output");'>Show output</a>

<a href="#Output-2112135199" onClick="toggleAllBoxes();">Show all outputs</a>
<div class='log' id="Output-2112135199">
<a href = "E:\screenshot\error.jpg" target="_blank">Screenshot link</a><br/>
<br><br/>
<a href = "E:\screenshot\error.jpg" target="_blank">img height=200 width=200 src="E:\screenshot\error.jpg"</a><br/>
<a href = "E:\screenshot\error.jpg" target="_blank">Screenshot link</a><br/>
<br><br/>
<a href = "E:\screenshot\error.jpg" target="_blank">img height=200 width=200 src="E:\screenshot\error.jpg"</a><br/>
</div>
</td>
<td></td>
<td>10</td>
<td>selenium.TestNG.Examples.skipTestExample@74ad1f1f</td></tr>
</table><p>
<table width='100%' border='1' class='invocation-skipped'>
<tr><td colspan='4' align='center'><b>SKIPPED TESTS</b></td></tr>
<tr><td><b>Test method</b></td>
<td width="30%"><b>Exception</b></td>
<td width="10%"><b>Time (seconds)</b></td>
<td><b>Instance</b></td>
</tr>
<tr>
<td title='selenium.TestNG.Examples.skipTestExample.five()'><b>five</b><br>Test class: selenium.TestNG.Examples.skipTestExample</td>
<td><div><pre>org.testng.SkipException: five methid is skipping
	at selenium.TestNG.Examples.skipTestExample.five(skipTestExample.java:123)
... Removed 25 stack frames</pre></div><a href='#' onClick='toggleBox("stack-trace2005706991", this, "Click to show all stack frames", "Click to hide stack frames")'>Click to show all stack frames</a>
<div class='stack-trace' id='stack-trace2005706991'><pre>org.testng.SkipException: five methid is skipping
	at selenium.TestNG.Examples.skipTestExample.five(skipTestExample.java:123)
	at sun.reflect.NativeMethodAccessorImpl.invoke0(Native Method)
	at sun.reflect.NativeMethodAccessorImpl.invoke(Unknown Source)
	at sun.reflect.DelegatingMethodAccessorImpl.invoke(Unknown Source)
	at java.lang.reflect.Method.invoke(Unknown Source)
	at org.testng.internal.MethodInvocationHelper.invokeMethod(MethodInvocationHelper.java:124)
	at org.testng.internal.Invoker.invokeMethod(Invoker.java:583)
	at org.testng.internal.Invoker.invokeTestMethod(Invoker.java:719)
	at org.testng.internal.Invoker.invokeTestMethods(Invoker.java:989)
	at org.testng.internal.TestMethodWorker.invokeTestMethods(TestMethodWorker.java:125)
	at org.testng.internal.TestMethodWorker.run(TestMethodWorker.java:109)
	at org.testng.TestRunner.privateRun(TestRunner.java:648)
	at org.testng.TestRunner.run(TestRunner.java:505)
	at org.testng.SuiteRunner.runTest(SuiteRunner.java:455)
	at org.testng.SuiteRunner.runSequentially(SuiteRunner.java:450)
	at org.testng.SuiteRunner.privateRun(SuiteRunner.java:415)
	at org.testng.SuiteRunner.run(SuiteRunner.java:364)
	at org.testng.SuiteRunnerWorker.runSuite(SuiteRunnerWorker.java:52)
	at org.testng.SuiteRunnerWorker.run(SuiteRunnerWorker.java:84)
	at org.testng.TestNG.runSuitesSequentially(TestNG.java:1208)
	at org.testng.TestNG.runSuitesLocally(TestNG.java:1137)
	at org.testng.TestNG.runSuites(TestNG.java:1049)
	at org.testng.TestNG.run(TestNG.java:1017)
	at org.testng.remote.AbstractRemoteTestNG.run(AbstractRemoteTestNG.java:115)
	at org.testng.remote.RemoteTestNG.initAndRun(RemoteTestNG.java:251)
	at org.testng.remote.RemoteTestNG.main(RemoteTestNG.java:77)
</pre></div></td>
<td>0</td>
<td>selenium.TestNG.Examples.skipTestExample@74ad1f1f</td></tr>
<tr>
<td title='selenium.TestNG.Examples.skipTestExample.third()'><b>third</b><br>Test class: selenium.TestNG.Examples.skipTestExample</td>
<td><div><pre>org.testng.SkipException: third methid is skipping
	at selenium.TestNG.Examples.skipTestExample.third(skipTestExample.java:57)
... Removed 25 stack frames</pre></div><a href='#' onClick='toggleBox("stack-trace1137989065", this, "Click to show all stack frames", "Click to hide stack frames")'>Click to show all stack frames</a>
<div class='stack-trace' id='stack-trace1137989065'><pre>org.testng.SkipException: third methid is skipping
	at selenium.TestNG.Examples.skipTestExample.third(skipTestExample.java:57)
	at sun.reflect.NativeMethodAccessorImpl.invoke0(Native Method)
	at sun.reflect.NativeMethodAccessorImpl.invoke(Unknown Source)
	at sun.reflect.DelegatingMethodAccessorImpl.invoke(Unknown Source)
	at java.lang.reflect.Method.invoke(Unknown Source)
	at org.testng.internal.MethodInvocationHelper.invokeMethod(MethodInvocationHelper.java:124)
	at org.testng.internal.Invoker.invokeMethod(Invoker.java:583)
	at org.testng.internal.Invoker.invokeTestMethod(Invoker.java:719)
	at org.testng.internal.Invoker.invokeTestMethods(Invoker.java:989)
	at org.testng.internal.TestMethodWorker.invokeTestMethods(TestMethodWorker.java:125)
	at org.testng.internal.TestMethodWorker.run(TestMethodWorker.java:109)
	at org.testng.TestRunner.privateRun(TestRunner.java:648)
	at org.testng.TestRunner.run(TestRunner.java:505)
	at org.testng.SuiteRunner.runTest(SuiteRunner.java:455)
	at org.testng.SuiteRunner.runSequentially(SuiteRunner.java:450)
	at org.testng.SuiteRunner.privateRun(SuiteRunner.java:415)
	at org.testng.SuiteRunner.run(SuiteRunner.java:364)
	at org.testng.SuiteRunnerWorker.runSuite(SuiteRunnerWorker.java:52)
	at org.testng.SuiteRunnerWorker.run(SuiteRunnerWorker.java:84)
	at org.testng.TestNG.runSuitesSequentially(TestNG.java:1208)
	at org.testng.TestNG.runSuitesLocally(TestNG.java:1137)
	at org.testng.TestNG.runSuites(TestNG.java:1049)
	at org.testng.TestNG.run(TestNG.java:1017)
	at org.testng.remote.AbstractRemoteTestNG.run(AbstractRemoteTestNG.java:115)
	at org.testng.remote.RemoteTestNG.initAndRun(RemoteTestNG.java:251)
	at org.testng.remote.RemoteTestNG.main(RemoteTestNG.java:77)
</pre></div></td>
<td>0</td>
<td>selenium.TestNG.Examples.skipTestExample@74ad1f1f</td></tr>
</table><p>
</body>
</html>