<?xml version="1.0" encoding="UTF-8"?>
<!-- Generated by org.testng.reporters.JUnitXMLReporter -->
<testsuite hostname="DESKTOP-DKKHSAV" ignored="0" name="softasserts" tests="1" failures="1" timestamp="09 Jun 2021 12:13:23 GMT" time="41.623" errors="0">
  <testcase name="validatestitles" time="5.851" classname="selenium.TestNG.Examples.softasserts">
    <failure type="java.lang.AssertionError" message="The following asserts failed:
	expected [false] but found [true],
	expected [false] but found [true]">
      <![CDATA[java.lang.AssertionError: The following asserts failed:
expected [false] but found [true],
expected [false] but found [true]
at selenium.TestNG.Examples.softasserts.validatestitles(softasserts.java:91)
... Removed 26 stack frames]]>
    </failure>
  </testcase> <!-- validatestitles -->
</testsuite> <!-- softasserts -->
