<?xml version="1.0" encoding="UTF-8"?>
<!-- Generated by org.testng.reporters.JUnitXMLReporter -->
<testsuite hostname="DESKTOP-DKKHSAV" ignored="0" name="Test" tests="4" failures="1" timestamp="08 Jun 2021 16:57:32 GMT" time="10.232" errors="0">
  <testcase name="method" time="0.018" classname="selenium.TestNG.Examples.DependenciesExample">
    <failure type="java.lang.AssertionError" message="expected [false] but found [true]">
      <![CDATA[java.lang.AssertionError: expected [false] but found [true]
at selenium.TestNG.Examples.DependenciesExample.method(DependenciesExample.java:105)
... Removed 31 stack frames]]>
    </failure>
  </testcase> <!-- method -->
  <testcase name="demo" time="0.0" classname="selenium.TestNG.Examples.DependenciesExample">
    <skipped/>
  </testcase> <!-- demo -->
  <testcase name="validatestitles" time="1.582" classname="selenium.TestNG.Examples.DependenciesExample"/>
  <testcase name="method1" time="0.004" classname="selenium.TestNG.Examples.DependenciesExample">
    <skipped/>
  </testcase> <!-- method1 -->
</testsuite> <!-- Test -->
