<?xml version="1.0" encoding="UTF-8"?>
<!-- Generated by org.testng.reporters.JUnitXMLReporter -->
<testsuite hostname="DESKTOP-DKKHSAV" ignored="0" name="Testfailure Test" tests="1" failures="1" timestamp="08 Jun 2021 16:57:42 GMT" time="0.007" errors="0">
  <testcase name="dologin" time="0.003" classname="selenium.TestNG.Examples.testFailure">
    <failure type="java.lang.AssertionError" message="Failing the login teste">
      <![CDATA[java.lang.AssertionError: Failing the login teste
at selenium.TestNG.Examples.testFailure.dologin(testFailure.java:11)
... Removed 26 stack frames]]>
    </failure>
  </testcase> <!-- dologin -->
</testsuite> <!-- Testfailure Test -->
