<?xml version="1.0" encoding="UTF-8"?>
<!-- Generated by org.testng.reporters.JUnitXMLReporter -->
<testsuite hostname="DESKTOP-DKKHSAV" ignored="2" name="Groups Test" tests="3" failures="1" timestamp="08 Jun 2021 14:12:01 GMT" time="13.127" errors="0">
  <testcase name="first" time="0.009" classname="selenium.TestNG.Examples.groupsExamples">
    <failure type="java.lang.AssertionError" message="expected [false] but found [true]">
      <![CDATA[java.lang.AssertionError: expected [false] but found [true]
at selenium.TestNG.Examples.groupsExamples.first(groupsExamples.java:44)
... Removed 31 stack frames]]>
    </failure>
  </testcase> <!-- first -->
  <testcase name="validatestitles" time="4.267" classname="selenium.TestNG.Examples.groupsExamples"/>
  <testcase name="second" time="0.0" classname="selenium.TestNG.Examples.groupsExamples">
    <skipped/>
  </testcase> <!-- second -->
  <testcase name="third" time="0.0" classname="selenium.TestNG.Examples.groupsExamples">
    <ignored/>
  </testcase> <!-- third -->
  <testcase name="five" time="0.0" classname="selenium.TestNG.Examples.groupsExamples">
    <ignored/>
  </testcase> <!-- five -->
</testsuite> <!-- Groups Test -->
