<?xml version="1.0" encoding="UTF-8"?>
<!-- Generated by org.testng.reporters.JUnitXMLReporter -->
<testsuite hostname="DESKTOP-DKKHSAV" ignored="0" name="failure Test" tests="2" failures="2" timestamp="09 Jun 2021 06:12:12 GMT" time="6.838" errors="0">
  <testcase name="dologin" time="0.015" classname="selenium.TestNG.Examples.testFailure1">
    <failure type="java.lang.AssertionError" message="Failing the login teste">
      <![CDATA[java.lang.AssertionError: Failing the login teste
at selenium.TestNG.Examples.testFailure1.dologin(testFailure1.java:22)
... Removed 26 stack frames]]>
    </failure>
  </testcase> <!-- dologin -->
  <testcase name="success" time="6.775" classname="selenium.TestNG.Examples.testFailure1">
    <failure type="java.lang.AssertionError" message="expected [oogle] but found [Google]">
      <![CDATA[java.lang.AssertionError: expected [oogle] but found [Google]
at selenium.TestNG.Examples.testFailure1.success(testFailure1.java:41)
... Removed 31 stack frames]]>
    </failure>
  </testcase> <!-- success -->
</testsuite> <!-- failure Test -->
